##########################
# Command Processor errors
##########################

foobar
foobar: Missing arguments. (line 5).


define
define: Missing arguments. (line 7).


define store
define store: Missing arguments. (line 9).


######################
# Store Command errors
######################

# missing information
define store store_123
define store: Required store information is missing.

# define an actual store
define  store  store_123 name RelianceMart  address  ahmedabad
Defined new store: 'store_123'.

# duplicate error
define  store  store_123 name RelianceMart  address  ahmedabad
define store: A store already exists with id store_123

# store does not exist
show store store_456
get store: A store does not exist with id store_456

#################
# Aisle Commands
#################

# missing info
define aisle store_123
define aisle: Required aisle information is missing.

define aisle store_123:aisle_A1
define aisle: Required aisle information is missing.

# incorrect location choice
define  aisle  store_123:aisle_A1  name  AISLE_A1  description  AISLE_A1_desc location  nowhere
define aisle: Required aisle information is missing.

# define an actual aisle
define  aisle  store_123:aisle_A1  name  AISLE_A1  description  AISLE_A1_desc location  stock_room
Defined new aisle: 'aisle_A1'.

# duplicate error
define  aisle  store_123:aisle_A1  name  AISLE_A1  description  AISLE_A1_desc location  stock_room
define aisle: Aisle 'aisle_A1' already exists in store 'store_123'

# store does not exist
define  aisle  store_789:aisle_A1  name  AISLE_A1  description  AISLE_A1_desc location  stock_room
get store: A store does not exist with id store_789

# aisle does not exist
show  aisle  store_123:aisle_A2
get aisle: An aisle with id 'aisle_A2' does not exist in store 'store_123'.

# store does not exist
show  aisle  store_789:aisle_A1
get aisle: The Store store_789 does not exist.

#################
# Shelf Commands
#################

# missing info
define shelf store_123:aisle_A1
define shelf: Some shelf info is missing.

define shelf store_123:aisle_A1:shelf_q1
define shelf: Some shelf info is missing.

# invalid level option
define  shelf  store_123:aisle_A1:shelf_q1  name  Shelf_Q1  level  no_level   description  Shelf_Q1_Desc  temperature  ambient
define shelf: Some shelf info is missing.

# define an actual shelf
define  shelf  store_123:aisle_A1:shelf_q1  name  Shelf_Q1  level  high   description  Shelf_Q1_Desc  temperature  ambient
Defined new shelf: 'shelf_q1'.

# duplicate error
define  shelf  store_123:aisle_A1:shelf_q1  name  Shelf_Q1  level  high   description  Shelf_Q1_Desc  temperature  ambient
define shelf: Shelf 'shelf_q1' already exists in aisle 'aisle_A1'

# shelf does not exist
show shelf store_123:aisle_A1:shelf_X1
get shelf: A shelf with id 'shelf_X1' does not exist in location 'store_123:aisle_A1'.

# aisle does not exist
show shelf store_123:aisle_X1:shelf_q1
get shelf: The Aisle aisle_X1 does not exist.

# store does not exist
show shelf store_789:aisle_A1:shelf_q1
get store: A store does not exist with id store_789

##################
# Product Commands
##################

# invalid price
define  product  prod12  name  coffee  description  coffee  size 100  category  Food  unit_price  A_STRING temperature  refrigerated
define: Unit price is not a valid Integer.


# define an actual product(s)
define  product  prod12  name  coffee  description  coffee  size 100  category  Food  unit_price  3 temperature  ambient
Defined new product: 'prod12'.
define  product  prod13  name  soda  description  "coca cola"  size 12oz  category  Beverage  unit_price  3 temperature  refrigerated
Defined new product: 'prod13'.

# duplicate error
define  product  prod12  name  coffee  description  coffee  size 100  category  Food  unit_price  3 temperature  ambient
define product: That product already exists.

# product does not exist
show product foobar
get product: A product with id 'foobar' does not exist.

####################
# Inventory Commands
####################

# missing info
define  inventory  inv_u22  location  store_123:aisle_A1:shelf_q1 capacity  1500  count  1000  product  prod11
get product: A product with id 'prod11' does not exist.

# invalid count
define  inventory  inv_u22  location  store_123:aisle_A1:shelf_q1 capacity  1500  count  -1000  product  prod12
define inventory: Inventory count is invalid. Must be >= 0 and <= capcaity.

# count exceeds capacity
define  inventory  inv_u22  location  store_123:aisle_A1:shelf_q1 capacity  500  count  1000  product  prod12
define inventory: Inventory count is invalid. Must be >= 0 and <= capcaity.

# temperatures do no match (ambient and refrigerated)
define  inventory  inv_u22  location  store_123:aisle_A1:shelf_q1 capacity  1500  count  1000  product  prod13
define inventory: The product (REFRIGERATED) and shelf (AMBIENT) temperatures do not match.

# define an actual inventory
define  inventory  inv_u22  location  store_123:aisle_A1:shelf_q1 capacity  1500  count  1000  product  prod12
Defined new inventory: 'inv_u22'.

# duplicate error
define  inventory  inv_u22  location  store_123:aisle_A1:shelf_q1 capacity  1500  count  1000  product  prod12
define inventory: Inventory inv_u22 already exists in aisle shelf_q1

# inventory does not exist
show inventory store_123:aisle_A1:shelf_q1:inv_X01
get inventory: An inventory with id 'inv_X01' does not exist in location 'store_123:aisle_A1:shelf_q1'.

# shelf does not exist
show inventory store_123:aisle_A1:shelf_X1:inv_u22
get inventory: The Aisle aisle_A1 or Shelf shelf_X1 does not exist.

# aisle does not exist
show inventory store_123:aisle_X1:shelf_q1:inv_u22
get inventory: The Aisle aisle_X1 or Shelf shelf_q1 does not exist.

# store does not exist
show inventory store_789:aisle_A1:shelf_q1:inv_u22
get store: A store does not exist with id store_789


###################
# Customer Commands
###################

# missing info
define  customer  cust_AB    first_name  JSON  last_name  WALLACE type  guest  account  json
define customer: Required Customer information is missing.

# missing name
define  customer  cust_AB    first_name  JSON   type  guest  email_address  json.wallace@ymail.com  account  json
define customer: Customer name is incomplete.

# define an actual customer
define  customer  cust_AB    first_name  JSON  last_name  WALLACE type  guest  email_address  json.wallace@ymail.com  account  json
Defined new customer: 'cust_AB'.

# duplicate error
define  customer  cust_AB    first_name  JSON  last_name  WALLACE type  guest  email_address  json.wallace@ymail.com  account  json
define customer: A customer with id cust_AB already exists.

# customer does not exist
show customer cust_foobar
get customer: A Customer with id 'cust_foobar' is not registered with the StoreModelService.

# missing info
update customer cust_AB
update customer: No location provided.

# invalid location
update customer cust_AB location store_123:aisle_X1
get aisle: An aisle with id 'aisle_X1' does not exist in store 'store_123'.

update customer cust_AB locatoin store_789
update customer: No location provided.

#################
# Basket Commands
#################

# customer does not exist
get customer_basket cust_foobar
Customer 'cust_foobar' does not have a basket. Creating one.
get customer: A Customer with id 'cust_foobar' is not registered with the StoreModelService.

# create basket to assign to customer
get customer_basket cust_AB
Customer 'cust_AB' does not have a basket. Creating one.
Basket created for Customer 'cust_AB'

# customer already has basket
get customer_basket cust_AB
Customer 'cust_AB' has an associated basket.

# product does not exist
add basket_item cust_AB product prod_foobar item_count 1
get product: A product with id 'prod_foobar' does not exist.

# invalid count
add basket_item cust_AB product prod12 item_count bad_count
add: Invalid item count.


# add item to basket
add basket_item cust_AB product prod12 item_count 1
Added prod12 to the basket. Current count is 1.
add basket_item cust_AB product prod12 item_count 1
Added prod12 to the basket. Current count is 2.

# remove item from basket
remove basket_item cust_AB product prod12 item_count 1
Removed 1 prod12 from the basket. Current count is 1.
remove basket_item cust_AB product prod12 item_count 1
Removed 1 prod12 from the basket. No more of this item remains in the basket.
remove basket_item cust_AB product prod12 item_count 1
remove basket_item: prod12 is not in the Customer basket.

# no basket
clear basket cust_foobar
get customer: A Customer with id 'cust_foobar' is not registered with the StoreModelService.

# clear basket
clear basket cust_AB
Customer 'cust_AB' basket cleared and removed.

#################
# Sensor Commands
#################

# missing info
define  device  mic_A1  name  MicrophoneA1  type  microphone  location
define: Missing arguments.


# define an actual sensor
define  device  mic_A1  name  MicrophoneA1  type  microphone  location store_123:aisle_A1
Defined new device: 'mic_A1'.

# duplicate error
define  device  mic_A1  name  MicrophoneA1  type  microphone  location store_123:aisle_A1
define device: A device already exists with id mic_A1

# sensors cannot process commands
create command mic_A1 message "cannot process this"
create command: MicrophoneA1 cannot process commands.

####################
# Appliance Commands
####################

# missing info
define  device  rob_1  type  robot location  store_123:aisle_A1
define device: Required device information is missing.

# define an actual appliance
define  device  rob_1  name  ROBOT_1  type  robot location  store_123:aisle_A1
Defined new device: 'rob_1'.

# duplicate error
define  device  rob_1  name  ROBOT_1  type  robot location  store_123:aisle_A1
define device: A device already exists with id rob_1

# appliances can process commands
create command rob_1 message "I CAN process this"
Appliance 'rob_1' received command I CAN process this.


